<?xml version="1.0" encoding="UTF-8"?>
<!-- Generated by org.testng.reporters.JUnitReportReporter -->
<testsuite hostname="DESKTOP-TCB77E3" failures="0" tests="3" name="com.qa.sportyshoes.Tests.HomePageTest" time="25.501" errors="0" timestamp="2024-02-21T13:45:39 IST" skipped="0">
  <testcase classname="com.qa.sportyshoes.Tests.HomePageTest" name="start_browser" time="24.704"/>
  <system-out/>
  <testcase classname="com.qa.sportyshoes.Tests.HomePageTest" name="test_registerlink_method" time="0.775"/>
  <system-out/>
  <testcase classname="com.qa.sportyshoes.Tests.HomePageTest" name="test_getURL_method" time="0.022"/>
  <system-out/>
</testsuite> <!-- com.qa.sportyshoes.Tests.HomePageTest -->
