<?xml version="1.0" encoding="UTF-8"?>
<!-- Generated by org.testng.reporters.JUnitReportReporter -->
<testsuite hostname="DESKTOP-TCB77E3" failures="0" tests="3" name="com.qa.sportyshoes.Tests.RegisterPageTest" time="17.124" errors="0" timestamp="2024-02-21T13:56:57 IST" skipped="0">
  <testcase classname="com.qa.sportyshoes.Tests.RegisterPageTest" name="test_click_registerLink" time="2.210"/>
  <system-out/>
  <testcase classname="com.qa.sportyshoes.Tests.RegisterPageTest" name="test_register_user" time="14.866"/>
  <system-out/>
  <testcase classname="com.qa.sportyshoes.Tests.RegisterPageTest" name="test_newUser_url" time="0.048"/>
  <system-out/>
</testsuite> <!-- com.qa.sportyshoes.Tests.RegisterPageTest -->
