<?xml version="1.0" encoding="UTF-8"?>
<!-- Generated by org.testng.reporters.JUnitReportReporter -->
<testsuite hostname="DESKTOP-TCB77E3" failures="0" tests="7" name="com.qa.sportyshoes.Tests.ProductsTest" time="38.949" errors="0" timestamp="2024-02-21T14:11:21 IST" skipped="0">
  <testcase classname="com.qa.sportyshoes.Tests.ProductsTest" name="test_user_login" time="20.258"/>
  <system-out/>
  <testcase classname="com.qa.sportyshoes.Tests.ProductsTest" name="test_product_addtoCart" time="9.289"/>
  <system-out/>
  <testcase classname="com.qa.sportyshoes.Tests.ProductsTest" name="test_HomeBTN" time="2.738"/>
  <system-out/>
  <testcase classname="com.qa.sportyshoes.Tests.ProductsTest" name="test_CartBTN" time="1.600"/>
  <system-out/>
  <testcase classname="com.qa.sportyshoes.Tests.ProductsTest" name="test_placeorderBTN" time="1.351"/>
  <system-out/>
  <testcase classname="com.qa.sportyshoes.Tests.ProductsTest" name="test_orders" time="2.253"/>
  <system-out/>
  <testcase classname="com.qa.sportyshoes.Tests.ProductsTest" name="test_logout" time="1.460"/>
  <system-out/>
</testsuite> <!-- com.qa.sportyshoes.Tests.ProductsTest -->
