<?xml version="1.0" encoding="UTF-8"?>
<!-- Generated by org.testng.reporters.JUnitReportReporter -->
<testsuite hostname="DESKTOP-TCB77E3" failures="0" tests="1" name="com.qa.sportyshoes.Tests.LoginPageTest" time="29.448" errors="0" timestamp="2024-02-21T14:03:31 IST" skipped="0">
  <testcase classname="com.qa.sportyshoes.Tests.LoginPageTest" name="start_browser" time="29.448"/>
  <system-out/>
</testsuite> <!-- com.qa.sportyshoes.Tests.LoginPageTest -->
